<?xml version="1.0" encoding="UTF-8"?>
<!-- Generated by org.testng.reporters.JUnitXMLReporter -->
<testsuite ignored="0" hostname="LAPTOP-I5NF50M8" failures="0" tests="6" name="Flipkart test case" time="167.402" errors="0" timestamp="16 May 2020 17:13:15 GMT">
  <testcase classname="com.qa.testcase.LoginPageTest" name="GetLoginPageTitle" time="0.145"/>
  <testcase classname="com.qa.testcase.HomePageTest" name="verifyHomePageTest" time="1.996"/>
  <testcase classname="com.qa.testcase.LoginPageTest" name="loginTest" time="0.756"/>
  <testcase classname="com.qa.testcase.HomePageTest" name="clickOnCartTest" time="1.671"/>
  <testcase classname="com.qa.testcase.AddToCarPageTest" name="deleteAllCart" time="10.445"/>
  <testcase classname="com.qa.testcase.HomePageTest" name="searchProduct" time="9.75"/>
</testsuite> <!-- Flipkart test case -->
